<?xml version="1.0" encoding="UTF-8"?>
<testsuite name="com.beeo.app.data.repository.AuthRepositoryTest" tests="10" skipped="0" failures="0" errors="0" timestamp="2026-06-04T21:50:16.706Z" hostname="DESKTOP-8SOFLC0" time="0.879">
  <properties/>
  <testcase name="signOut llama a firebaseAuth signOut" classname="com.beeo.app.data.repository.AuthRepositoryTest" time="0.558"/>
  <testcase name="signInWithGoogle cuando Firestore falla retorna Error" classname="com.beeo.app.data.repository.AuthRepositoryTest" time="0.242"/>
  <testcase name="signInWithGoogle con credenciales invalidas retorna Error" classname="com.beeo.app.data.repository.AuthRepositoryTest" time="0.011"/>
  <testcase name="currentUser retorna null cuando no hay sesion" classname="com.beeo.app.data.repository.AuthRepositoryTest" time="0.007"/>
  <testcase name="signInWithGoogle con idToken null retorna Cancelled" classname="com.beeo.app.data.repository.AuthRepositoryTest" time="0.008"/>
  <testcase name="signInWithGoogle cuando user es null retorna Error" classname="com.beeo.app.data.repository.AuthRepositoryTest" time="0.008"/>
  <testcase name="currentUser retorna usuario cuando hay sesion activa" classname="com.beeo.app.data.repository.AuthRepositoryTest" time="0.007"/>
  <testcase name="signInWithGoogle con error de red retorna Error" classname="com.beeo.app.data.repository.AuthRepositoryTest" time="0.013"/>
  <testcase name="signInWithGoogle exitoso con usuario nuevo retorna Success y guarda en Firestore" classname="com.beeo.app.data.repository.AuthRepositoryTest" time="0.01"/>
  <testcase name="signInWithGoogle exitoso con usuario existente retorna Success" classname="com.beeo.app.data.repository.AuthRepositoryTest" time="0.009"/>
  <system-out><![CDATA[]]></system-out>
  <system-err><![CDATA[WARNING: A Java agent has been loaded dynamically (C:\Users\mustdie\.gradle\caches\modules-2\files-2.1\net.bytebuddy\byte-buddy-agent\1.14.10\90ed94ac044ea8953b224304c762316e91fd6b31\byte-buddy-agent-1.14.10.jar)
WARNING: If a serviceability tool is in use, please run with -XX:+EnableDynamicAgentLoading to hide this warning
WARNING: If a serviceability tool is not in use, please run with -Djdk.instrument.traceUsage for more information
WARNING: Dynamic loading of agents will be disallowed by default in a future release
]]></system-err>
</testsuite>
